<?xml version="1.0" encoding="UTF-8"?>
<!-- Generated by org.testng.reporters.JUnitXMLReporter -->
<testsuite ignored="1" hostname="Prashant-Lenevo" failures="0" tests="4" name="Test(failed)" time="14.557" errors="0" timestamp="2022-07-26T20:19:41 EDT">
  <testcase classname="acti.tests.BaseTests" name="@BeforeMethod setUp" time="14.475">
    <failure type="org.openqa.selenium.WebDriverException" message="chrome not reachable
  (Session info: chrome=103.0.5060.134)
Build info: version: &amp;apos;3.141.59&amp;apos;, revision: &amp;apos;e82be7d358&amp;apos;, time: &amp;apos;2018-11-14T08:17:03&amp;apos;
System info: host: &amp;apos;PRASHANT-LENEVO&amp;apos;, ip: &amp;apos;192.168.1.65&amp;apos;, os.name: &amp;apos;Windows 10&amp;apos;, os.arch: &amp;apos;amd64&amp;apos;, os.version: &amp;apos;10.0&amp;apos;, java.version: &amp;apos;17.0.2&amp;apos;
Driver info: org.openqa.selenium.chrome.ChromeDriver
Capabilities {acceptInsecureCerts: false, browserName: chrome, browserVersion: 103.0.5060.134, chrome: {chromedriverVersion: 103.0.5060.53 (a1711811edd7..., userDataDir: C:\Users\prash\AppData\Loca...}, goog:chromeOptions: {debuggerAddress: localhost:57575}, javascriptEnabled: true, networkConnectionEnabled: false, pageLoadStrategy: normal, platform: WINDOWS, platformName: WINDOWS, proxy: Proxy(), setWindowRect: true, strictFileInteractability: false, timeouts: {implicit: 0, pageLoad: 300000, script: 30000}, unhandledPromptBehavior: dismiss and notify, webauthn:extension:credBlob: true, webauthn:extension:largeBlob: true, webauthn:virtualAuthenticators: true}
Session ID: 6dfda8ffae6f171ef41a0fb203530b47">
      <![CDATA[org.openqa.selenium.WebDriverException: chrome not reachable
  (Session info: chrome=103.0.5060.134)
Build info: version: '3.141.59', revision: 'e82be7d358', time: '2018-11-14T08:17:03'
System info: host: 'PRASHANT-LENEVO', ip: '192.168.1.65', os.name: 'Windows 10', os.arch: 'amd64', os.version: '10.0', java.version: '17.0.2'
Driver info: org.openqa.selenium.chrome.ChromeDriver
Capabilities {acceptInsecureCerts: false, browserName: chrome, browserVersion: 103.0.5060.134, chrome: {chromedriverVersion: 103.0.5060.53 (a1711811edd7..., userDataDir: C:\Users\prash\AppData\Loca...}, goog:chromeOptions: {debuggerAddress: localhost:57575}, javascriptEnabled: true, networkConnectionEnabled: false, pageLoadStrategy: normal, platform: WINDOWS, platformName: WINDOWS, proxy: Proxy(), setWindowRect: true, strictFileInteractability: false, timeouts: {implicit: 0, pageLoad: 300000, script: 30000}, unhandledPromptBehavior: dismiss and notify, webauthn:extension:credBlob: true, webauthn:extension:largeBlob: true, webauthn:virtualAuthenticators: true}
Session ID: 6dfda8ffae6f171ef41a0fb203530b47
at org.openqa.selenium.remote.http.W3CHttpResponseCodec.createException(W3CHttpResponseCodec.java:187)
at org.openqa.selenium.remote.http.W3CHttpResponseCodec.decode(W3CHttpResponseCodec.java:122)
at org.openqa.selenium.remote.http.W3CHttpResponseCodec.decode(W3CHttpResponseCodec.java:49)
at org.openqa.selenium.remote.HttpCommandExecutor.execute(HttpCommandExecutor.java:158)
at org.openqa.selenium.remote.service.DriverCommandExecutor.execute(DriverCommandExecutor.java:83)
at org.openqa.selenium.remote.RemoteWebDriver.execute(RemoteWebDriver.java:552)
at org.openqa.selenium.remote.RemoteWebDriver.execute(RemoteWebDriver.java:609)
at org.openqa.selenium.remote.RemoteWebDriver$RemoteWebDriverOptions$RemoteWindow.maximize(RemoteWebDriver.java:837)
at acti.driver.DriverManager.init_driver(DriverManager.java:69)
at acti.tests.BaseTests.setUp(BaseTests.java:16)
at java.base/java.util.ArrayList.forEach(ArrayList.java:1511)
... Removed 36 stack frames]]>
    </failure>
  </testcase> <!-- @BeforeMethod setUp -->
  <testcase classname="acti.tests.BaseTests" name="@AfterMethod tearDown" time="-1.658881181463E9">
    <skipped/>
  </testcase> <!-- @AfterMethod tearDown -->
  <testcase classname="acti.tests.BaseTests" name="@BeforeMethod setUp" time="-1.658881181469E9">
    <skipped/>
  </testcase> <!-- @BeforeMethod setUp -->
  <testcase classname="acti.tests.BaseTests" name="@AfterMethod tearDown" time="-1.658881181475E9">
    <skipped/>
  </testcase> <!-- @AfterMethod tearDown -->
  <testcase classname="acti.tests.BaseTests" name="@BeforeMethod setUp" time="-1.658881181477E9">
    <skipped/>
  </testcase> <!-- @BeforeMethod setUp -->
  <testcase classname="acti.tests.BaseTests" name="@AfterMethod tearDown" time="-1.658881181482E9">
    <skipped/>
  </testcase> <!-- @AfterMethod tearDown -->
  <testcase classname="acti.tests.BaseTests" name="@BeforeMethod setUp" time="-1.658881181484E9">
    <skipped/>
  </testcase> <!-- @BeforeMethod setUp -->
  <testcase classname="acti.tests.BaseTests" name="@AfterMethod tearDown" time="-1.658881181489E9">
    <skipped/>
  </testcase> <!-- @AfterMethod tearDown -->
  <testcase classname="acti.tests.Loginpagetests" name="testLoginPageTitle" time="0.0">
    <skipped/>
  </testcase> <!-- testLoginPageTitle -->
  <testcase classname="acti.tests.Loginpagetests" name="testForgotPasswordLink" time="0.0">
    <skipped/>
  </testcase> <!-- testForgotPasswordLink -->
  <testcase classname="acti.tests.Loginpagetests" name="testActiLogoisdisplayed" time="0.0">
    <skipped/>
  </testcase> <!-- testActiLogoisdisplayed -->
  <testcase classname="acti.tests.Loginpagetests" name="testLoginFunction" time="0.0">
    <skipped/>
  </testcase> <!-- testLoginFunction -->
  <testcase classname="acti.driver.DriverManager" name="init_driver" time="0.0">
    <ignored/>
  </testcase> <!-- init_driver -->
</testsuite> <!-- Test(failed) -->
