<!DOCTYPE html PUBLIC "-//W3C//DTD XHTML 1.1//EN" "https://www.w3.org/TR/xhtml11/DTD/xhtml11.dtd">
<html xmlns="https://www.w3.org/1999/xhtml">
<head>
<meta http-equiv="content-type" content="text/html; charset=UTF-8"/>
<title>TestNG Report</title>
<style type="text/css">table {margin-bottom:10px;border-collapse:collapse;empty-cells:show}th,td {border:1px solid #009;padding:.25em .5em}th {vertical-align:bottom}td {vertical-align:top}table a {font-weight:bold}.stripe td {background-color: #E6EBF9}.num {text-align:right}.passedodd td {background-color: #3F3}.passedeven td {background-color: #0A0}.skippedodd td {background-color: #DDD}.skippedeven td {background-color: #CCC}.failedodd td,.attn {background-color: #F33}.failedeven td,.stripe .attn {background-color: #D00}.stacktrace {white-space:pre;font-family:monospace}.totop {font-size:85%;text-align:center;border-bottom:2px solid #000}.invisible {display:none}</style>
</head>
<body>
<table>
<tr><th>Test</th><th># Passed</th><th># Skipped</th><th># Retried</th><th># Failed</th><th>Time (ms)</th><th>Included Groups</th><th>Excluded Groups</th></tr>
<tr><th colspan="8">Suite</th></tr>
<tr><td><a href="#t0">Test</a></td><td class="num">1</td><td class="num">0</td><td class="num">0</td><td class="num attn">2</td><td class="num">2,722</td><td></td><td></td></tr>
</table>
<table id='summary'><thead><tr><th>Class</th><th>Method</th><th>Start</th><th>Time (ms)</th></tr></thead><tbody><tr><th colspan="4">Suite</th></tr></tbody><tbody id="t0"><tr><th colspan="4">Test &#8212; failed</th></tr><tr class="failedeven"><td rowspan="1">Assertdemo.Program2</td><td><a href="#m0">test</a></td><td rowspan="1">1659143608443</td><td rowspan="1">2</td></tr><tr class="failedodd"><td rowspan="1">acti.driver.DriverManager</td><td><a href="#m1">init_driver</a></td><td rowspan="1">1659143608449</td><td rowspan="1">2638</td></tr><tr><th colspan="4">Test &#8212; passed</th></tr><tr class="passedeven"><td rowspan="1">Assertdemo.program1</td><td><a href="#m2">test</a></td><td rowspan="1">1659143608422</td><td rowspan="1">15</td></tr></tbody>
</table>
<h2>Test</h2><h3 id="m0">Assertdemo.Program2#test</h3><table class="result"><tr><th>Exception</th></tr><tr><td><div class="stacktrace">java.lang.AssertionError: expected [true] but found [false]
	at Assertdemo.Program2.test(Program2.java:19)
	at java.base/java.util.ArrayList.forEach(ArrayList.java:1511)
... Removed 31 stack frames</div></td></tr></table><p class="totop"><a href="#summary">back to summary</a></p>
<h3 id="m1">acti.driver.DriverManager#init_driver</h3><table class="result"><tr><th>Exception</th></tr><tr><td><div class="stacktrace">org.openqa.selenium.SessionNotCreatedException: session not created
from disconnected: received Inspector.detached event
  (Session info: chrome=103.0.5060.134)
Build info: version: &apos;3.141.59&apos;, revision: &apos;e82be7d358&apos;, time: &apos;2018-11-14T08:17:03&apos;
System info: host: &apos;PRASHANT-LENEVO&apos;, ip: &apos;192.168.1.65&apos;, os.name: &apos;Windows 10&apos;, os.arch: &apos;amd64&apos;, os.version: &apos;10.0&apos;, java.version: &apos;17.0.2&apos;
Driver info: driver.version: ChromeDriver
remote stacktrace: Backtrace:
	Ordinal0 [0x00886463+2188387]
	Ordinal0 [0x0081E461+1762401]
	Ordinal0 [0x00733D78+802168]
	Ordinal0 [0x00726B4E+748366]
	Ordinal0 [0x0072673F+747327]
	Ordinal0 [0x00725D3F+744767]
	Ordinal0 [0x00724C28+740392]
	Ordinal0 [0x007250FD+741629]
	Ordinal0 [0x00724855+739413]
	Ordinal0 [0x0072F923+784675]
	Ordinal0 [0x00724805+739333]
	Ordinal0 [0x007258E8+743656]
	Ordinal0 [0x00724C28+740392]
	Ordinal0 [0x007250FD+741629]
	Ordinal0 [0x00724855+739413]
	Ordinal0 [0x0072D618+775704]
	Ordinal0 [0x00724805+739333]
	Ordinal0 [0x007258E8+743656]
	Ordinal0 [0x00724C28+740392]
	Ordinal0 [0x007250FD+741629]
	Ordinal0 [0x00724855+739413]
	Ordinal0 [0x0072B3B2+766898]
	Ordinal0 [0x00724805+739333]
	Ordinal0 [0x007258E8+743656]
	Ordinal0 [0x00724C28+740392]
	Ordinal0 [0x007250FD+741629]
	Ordinal0 [0x00724855+739413]
	Ordinal0 [0x0072002D+720941]
	Ordinal0 [0x00724805+739333]
	Ordinal0 [0x00724590+738704]
	Ordinal0 [0x007242D9+738009]
	Ordinal0 [0x007350D0+807120]
	Ordinal0 [0x007824C5+1123525]
	Ordinal0 [0x0078108A+1118346]
	Ordinal0 [0x0077C5F6+1099254]
	Ordinal0 [0x00756BE0+945120]
	Ordinal0 [0x00757AD6+948950]
	GetHandleVerifier [0x00B271F2+2712546]
	GetHandleVerifier [0x00B1886D+2652765]
	GetHandleVerifier [0x0091002A+520730]
	GetHandleVerifier [0x0090EE06+516086]
	Ordinal0 [0x0082468B+1787531]
	Ordinal0 [0x00828E88+1805960]
	Ordinal0 [0x00828F75+1806197]
	Ordinal0 [0x00831DF1+1842673]
	BaseThreadInitThunk [0x7618FA29+25]
	RtlGetAppContainerNamedObjectPath [0x77827A9E+286]
	RtlGetAppContainerNamedObjectPath [0x77827A6E+238]

	at org.openqa.selenium.remote.W3CHandshakeResponse.lambda$errorHandler$0(W3CHandshakeResponse.java:62)
	at org.openqa.selenium.remote.HandshakeResponse.lambda$getResponseFunction$0(HandshakeResponse.java:30)
	at org.openqa.selenium.remote.ProtocolHandshake.lambda$createSession$0(ProtocolHandshake.java:126)
	at java.base/java.util.stream.ReferencePipeline$3$1.accept(ReferencePipeline.java:197)
	at java.base/java.util.Spliterators$ArraySpliterator.tryAdvance(Spliterators.java:1002)
	at java.base/java.util.stream.ReferencePipeline.forEachWithCancel(ReferencePipeline.java:129)
	at java.base/java.util.stream.AbstractPipeline.copyIntoWithCancel(AbstractPipeline.java:527)
	at java.base/java.util.stream.AbstractPipeline.copyInto(AbstractPipeline.java:513)
	at java.base/java.util.stream.AbstractPipeline.wrapAndCopyInto(AbstractPipeline.java:499)
	at java.base/java.util.stream.FindOps$FindOp.evaluateSequential(FindOps.java:150)
	at java.base/java.util.stream.AbstractPipeline.evaluate(AbstractPipeline.java:234)
	at java.base/java.util.stream.ReferencePipeline.findFirst(ReferencePipeline.java:647)
	at org.openqa.selenium.remote.ProtocolHandshake.createSession(ProtocolHandshake.java:128)
	at org.openqa.selenium.remote.ProtocolHandshake.createSession(ProtocolHandshake.java:74)
	at org.openqa.selenium.remote.HttpCommandExecutor.execute(HttpCommandExecutor.java:136)
	at org.openqa.selenium.remote.service.DriverCommandExecutor.execute(DriverCommandExecutor.java:83)
	at org.openqa.selenium.remote.RemoteWebDriver.execute(RemoteWebDriver.java:552)
	at org.openqa.selenium.remote.RemoteWebDriver.startSession(RemoteWebDriver.java:213)
	at org.openqa.selenium.remote.RemoteWebDriver.&lt;init&gt;(RemoteWebDriver.java:131)
	at org.openqa.selenium.chrome.ChromeDriver.&lt;init&gt;(ChromeDriver.java:181)
	at org.openqa.selenium.chrome.ChromeDriver.&lt;init&gt;(ChromeDriver.java:168)
	at org.openqa.selenium.chrome.ChromeDriver.&lt;init&gt;(ChromeDriver.java:123)
	at acti.driver.DriverManager.init_driver(DriverManager.java:53)
	at java.base/java.util.ArrayList.forEach(ArrayList.java:1511)
... Removed 32 stack frames</div></td></tr></table><p class="totop"><a href="#summary">back to summary</a></p>
<h3 id="m2">Assertdemo.program1#test</h3><table class="result"><tr><th class="invisible"/></tr></table><p class="totop"><a href="#summary">back to summary</a></p>
</body>
</html>
